<?xml version="1.0" encoding="UTF-8"?>
<testng-results ignored="0" total="1" passed="1" failed="0" skipped="0">
  <reporter-output>
  </reporter-output>
  <suite started-at="2024-10-04T15:01:24 IST" name="Default suite" finished-at="2024-10-04T15:02:00 IST" duration-ms="35797">
    <groups>
    </groups>
    <test started-at="2024-10-04T15:01:24 IST" name="Default test" finished-at="2024-10-04T15:02:00 IST" duration-ms="35797">
      <class name="runnerScript.Login">
        <test-method is-config="true" signature="OpenApplcation()[pri:0, instance:runnerScript.Login@37654521]" started-at="2024-10-04T15:01:24 IST" name="OpenApplcation" finished-at="2024-10-04T15:01:34 IST" duration-ms="9575" status="PASS">
          <reporter-output>
          </reporter-output>
        </test-method> <!-- OpenApplcation -->
        <test-method signature="login1()[pri:0, instance:runnerScript.Login@37654521]" started-at="2024-10-04T15:01:34 IST" name="login1" finished-at="2024-10-04T15:01:59 IST" duration-ms="25576" status="PASS">
          <reporter-output>
          </reporter-output>
        </test-method> <!-- login1 -->
        <test-method is-config="true" signature="closeApplcation()[pri:0, instance:runnerScript.Login@37654521]" started-at="2024-10-04T15:01:59 IST" name="closeApplcation" finished-at="2024-10-04T15:02:00 IST" duration-ms="556" status="PASS">
          <reporter-output>
          </reporter-output>
        </test-method> <!-- closeApplcation -->
      </class> <!-- runnerScript.Login -->
    </test> <!-- Default test -->
  </suite> <!-- Default suite -->
</testng-results>
